<?xml version="1.0" encoding="UTF-8"?>
<!-- Generated by org.testng.reporters.JUnitReportReporter -->
<testsuite hostname="SF-LAP-497" failures="0" tests="3" name="L4L.DD.Test.CreateCourseTest" time="33.735" errors="0" timestamp="2023-09-05T18:53:03 IST" skipped="0">
  <testcase classname="L4L.DD.Test.CreateCourseTest" name="setup" time="29.256"/>
  <testcase classname="L4L.DD.Test.CreateCourseTest" name="fillCourseDetailsTest" time="2.813"/>
  <testcase classname="L4L.DD.Test.CreateCourseTest" name="navigateToCreateCourseTest" time="1.666"/>
</testsuite> <!-- L4L.DD.Test.CreateCourseTest -->
