<?xml version="1.0" encoding="UTF-8"?>
<!-- Generated by org.testng.reporters.JUnitReportReporter -->
<testsuite hostname="SF-LAP-497" failures="0" tests="4" name="L4L.DD.Test.LoginPageTest" time="36.535" errors="0" timestamp="2023-09-04T12:59:28 IST" skipped="0">
  <testcase classname="L4L.DD.Test.LoginPageTest" name="setup" time="8.370"/>
  <testcase classname="L4L.DD.Test.LoginPageTest" name="validateLoginUrlTest" time="0.085"/>
  <testcase classname="L4L.DD.Test.LoginPageTest" name="logintitletest" time="0.011"/>
  <testcase classname="L4L.DD.Test.LoginPageTest" name="ddlogintest" time="28.069"/>
</testsuite> <!-- L4L.DD.Test.LoginPageTest -->
