<?xml version="1.0" encoding="UTF-8"?>
<!-- Generated by org.testng.reporters.JUnitReportReporter -->
<testsuite hostname="SF-LAP-497" failures="0" tests="1" name="Test.DemoClass" time="7.748" errors="0" timestamp="2023-08-17T18:56:40 IST" skipped="0">
  <testcase classname="Test.DemoClass" name="testd" time="7.748"/>
</testsuite> <!-- Test.DemoClass -->
