<?xml version="1.0" encoding="UTF-8"?>
<!-- Generated by org.testng.reporters.JUnitReportReporter -->
<testsuite hostname="SF-LAP-497" failures="0" tests="4" name="L4L.DD.Test.LoginPageTest" time="47.009" errors="0" timestamp="2023-08-23T19:13:44 IST" skipped="0">
  <testcase classname="L4L.DD.Test.LoginPageTest" name="setup" time="6.072"/>
  <testcase classname="L4L.DD.Test.LoginPageTest" name="validateLoginUrlTest" time="0.064"/>
  <testcase classname="L4L.DD.Test.LoginPageTest" name="logintitletest" time="0.007"/>
  <testcase classname="L4L.DD.Test.LoginPageTest" name="ddlogintest" time="40.866"/>
</testsuite> <!-- L4L.DD.Test.LoginPageTest -->
