<?xml version="1.0" encoding="UTF-8"?>
<!-- Generated by org.testng.reporters.JUnitReportReporter -->
<testsuite hostname="SF-LAP-497" failures="0" tests="4" name="L4L.DD.Test.LoginPageTest" time="52.336" errors="0" timestamp="2023-09-13T16:36:16 IST" skipped="0">
  <testcase classname="L4L.DD.Test.LoginPageTest" name="setup" time="8.452"/>
  <testcase classname="L4L.DD.Test.LoginPageTest" name="validateLoginUrlTest" time="0.108"/>
  <testcase classname="L4L.DD.Test.LoginPageTest" name="logintitletest" time="0.010"/>
  <testcase classname="L4L.DD.Test.LoginPageTest" name="ddlogintest" time="43.766"/>
</testsuite> <!-- L4L.DD.Test.LoginPageTest -->
