<?xml version="1.0" encoding="UTF-8"?>
<!-- Generated by org.testng.reporters.JUnitReportReporter -->
<testsuite hostname="DESKTOP-SQ9BGJ7" failures="0" tests="4" name="TestCase.StudentListSMSTest" time="42.857" errors="0" timestamp="2022-04-21T05:59:47 PDT" skipped="0">
  <testcase classname="TestCase.StudentListSMSTest" name="setup" time="38.898"/>
  <system-out/>
  <testcase classname="TestCase.StudentListSMSTest" name="smsPopupTitleCheck" time="0.181"/>
  <system-out/>
  <testcase classname="TestCase.StudentListSMSTest" name="QuickkeysSelectTest" time="3.151"/>
  <system-out/>
  <testcase classname="TestCase.StudentListSMSTest" name="clickonSendButtonTest" time="0.627"/>
  <system-out/>
</testsuite> <!-- TestCase.StudentListSMSTest -->
