<?xml version="1.0" encoding="UTF-8"?>
<!-- Generated by org.testng.reporters.JUnitReportReporter -->
<testsuite hostname="DESKTOP-SQ9BGJ7" failures="0" tests="1" name="TestngBasic.Paramerisation" time="0.020" errors="0" timestamp="2022-04-05T09:19:26 PDT" skipped="0">
  <testcase classname="TestngBasic.Paramerisation" name="empdetail" time="0.020"/>
  <system-out/>
</testsuite> <!-- TestngBasic.Paramerisation -->
