<?xml version="1.0" encoding="UTF-8"?>
<!-- Generated by org.testng.reporters.JUnitReportReporter -->
<testsuite hostname="DESKTOP-SQ9BGJ7" failures="0" tests="4" name="TestCase.CreateUserTest" time="64.937" errors="0" timestamp="2022-07-12T03:48:15 PDT" skipped="0">
  <testcase classname="TestCase.CreateUserTest" name="setup" time="14.873"/>
  <system-out/>
  <testcase classname="TestCase.CreateUserTest" name="validateGreetingPopupTest" time="32.644"/>
  <system-out/>
  <testcase classname="TestCase.CreateUserTest" name="navigateToUserTest" time="4.079"/>
  <system-out/>
  <testcase classname="TestCase.CreateUserTest" name="createUserTest" time="13.341"/>
  <system-out/>
</testsuite> <!-- TestCase.CreateUserTest -->
