<?xml version="1.0" encoding="UTF-8"?>
<!-- Generated by org.testng.reporters.JUnitReportReporter -->
<testsuite hostname="DESKTOP-SQ9BGJ7" failures="0" tests="4" name="TestCase.SetupUserTest" time="71.265" errors="0" timestamp="2022-09-08T11:17:03 IST" skipped="0">
  <testcase classname="TestCase.SetupUserTest" name="setup" time="16.789"/>
  <system-out/>
  <testcase classname="TestCase.SetupUserTest" name="validateGreetingPopupTest" time="6.765"/>
  <system-out/>
  <testcase classname="TestCase.SetupUserTest" name="navigateToUserTest" time="2.282"/>
  <system-out/>
  <testcase classname="TestCase.SetupUserTest" name="createUserTest" time="45.429"/>
  <system-out/>
</testsuite> <!-- TestCase.SetupUserTest -->
