<?xml version="1.0" encoding="UTF-8"?>
<!-- Generated by org.testng.reporters.JUnitReportReporter -->
<testsuite hostname="DESKTOP-SQ9BGJ7" failures="0" tests="5" name="TestCase.AddStudentINRosterTest" time="42.649" errors="0" timestamp="2022-09-16T13:54:19 IST" skipped="0">
  <testcase classname="TestCase.AddStudentINRosterTest" name="initilizeBrowser" time="15.433"/>
  <system-out/>
  <testcase classname="TestCase.AddStudentINRosterTest" name="validateGreetingPopuppTest" time="11.549"/>
  <system-out/>
  <testcase classname="TestCase.AddStudentINRosterTest" name="ValidateToClickOnPlusButton" time="6.214"/>
  <system-out/>
  <testcase classname="TestCase.AddStudentINRosterTest" name="validateToselectStudentFromRoster" time="5.587"/>
  <system-out/>
  <testcase classname="TestCase.AddStudentINRosterTest" name="validateStudentAddedIntoRoster" time="3.866"/>
  <system-out/>
</testsuite> <!-- TestCase.AddStudentINRosterTest -->
