<?xml version="1.0" encoding="UTF-8"?>
<!-- Generated by org.testng.reporters.JUnitReportReporter -->
<testsuite hostname="DESKTOP-SQ9BGJ7" failures="0" tests="1" name="dd.live.pages.SetupUsersByExcelPage" time="0.040" errors="0" timestamp="2022-07-16T02:38:37 PDT" skipped="0">
  <testcase classname="dd.live.pages.SetupUsersByExcelPage" name="getData" time="0.040"/>
  <system-out/>
</testsuite> <!-- dd.live.pages.SetupUsersByExcelPage -->
