<?xml version="1.0" encoding="UTF-8"?>
<!-- Generated by org.testng.reporters.JUnitReportReporter -->
<testsuite hostname="DESKTOP-SQ9BGJ7" failures="0" tests="11" name="TestCase.TranslatingTextInEmailTest" time="59.628" errors="0" timestamp="2022-05-17T05:59:18 PDT" skipped="0">
  <testcase classname="TestCase.TranslatingTextInEmailTest" name="setup" time="36.796"/>
  <system-out/>
  <testcase classname="TestCase.TranslatingTextInEmailTest" name="selectTranslattingButtonTest" time="0.466"/>
  <system-out/>
  <testcase classname="TestCase.TranslatingTextInEmailTest" name="checkEmailPopupTitleTest" time="0.221"/>
  <system-out/>
  <testcase classname="TestCase.TranslatingTextInEmailTest" name="selectWeeklyProgressInEmailTest" time="3.527"/>
  <system-out/>
  <testcase classname="TestCase.TranslatingTextInEmailTest" name="selectSpanishLanguageTest" time="3.826"/>
  <system-out/>
  <testcase classname="TestCase.TranslatingTextInEmailTest" name="selectHindiLanguageTest" time="2.030"/>
  <system-out/>
  <testcase classname="TestCase.TranslatingTextInEmailTest" name="selectArabicLanguageTest" time="2.001"/>
  <system-out/>
  <testcase classname="TestCase.TranslatingTextInEmailTest" name="selectPunjabiLanguageTest" time="2.665"/>
  <system-out/>
  <testcase classname="TestCase.TranslatingTextInEmailTest" name="selectArmanianLanguageTest" time="2.941"/>
  <system-out/>
  <testcase classname="TestCase.TranslatingTextInEmailTest" name="selectSomaliLanguageTest" time="2.030"/>
  <system-out/>
  <testcase classname="TestCase.TranslatingTextInEmailTest" name="selectRussianLanguageTest" time="3.125"/>
  <system-out/>
</testsuite> <!-- TestCase.TranslatingTextInEmailTest -->
