<?xml version="1.0" encoding="UTF-8"?>
<!-- Generated by org.testng.reporters.JUnitReportReporter -->
<testsuite hostname="DESKTOP-SQ9BGJ7" failures="0" tests="1" name="TestCase.EndtoEndStudentTracker" time="0.018" errors="0" timestamp="2022-03-01T09:17:35 PST" skipped="0">
  <testcase classname="TestCase.EndtoEndStudentTracker" name="studenttracker" time="0.018"/>
  <system-out/>
</testsuite> <!-- TestCase.EndtoEndStudentTracker -->
