<?xml version="1.0" encoding="UTF-8"?>
<!-- Generated by org.testng.reporters.JUnitReportReporter -->
<testsuite hostname="DESKTOP-SQ9BGJ7" failures="0" tests="1" name="practice.automation.page.Window" time="7.195" errors="0" timestamp="2022-08-13T23:47:10 PDT" skipped="0">
  <testcase classname="practice.automation.page.Window" name="openbroser" time="7.195"/>
  <system-out/>
</testsuite> <!-- practice.automation.page.Window -->
