<?xml version="1.0" encoding="UTF-8"?>
<!-- Generated by org.testng.reporters.JUnitReportReporter -->
<testsuite hostname="DESKTOP-SQ9BGJ7" failures="0" tests="1" name="StudentTracker.EmailVerification" time="0.021" errors="0" timestamp="2022-02-10T09:41:46 PST" skipped="0">
  <testcase classname="StudentTracker.EmailVerification" name="m" time="0.021"/>
  <system-out/>
</testsuite> <!-- StudentTracker.EmailVerification -->
