<?xml version="1.0" encoding="UTF-8"?>
<!-- Generated by org.testng.reporters.JUnitReportReporter -->
<testsuite hostname="DESKTOP-SQ9BGJ7" failures="0" tests="1" name="practice.automation.page.OpenCart" time="12.736" errors="0" timestamp="2022-06-18T09:50:46 PDT" skipped="0">
  <testcase classname="practice.automation.page.OpenCart" name="openbroser" time="12.736"/>
  <system-out/>
</testsuite> <!-- practice.automation.page.OpenCart -->
