<?xml version="1.0" encoding="UTF-8"?>
<!-- Generated by org.testng.reporters.JUnitReportReporter -->
<testsuite hostname="DESKTOP-SQ9BGJ7" failures="0" tests="6" name="TestCase.StudentTrackerTest" time="52.840" errors="0" timestamp="2022-07-05T04:46:23 PDT" skipped="0">
  <testcase classname="TestCase.StudentTrackerTest" name="actionbartest" time="1.149"/>
  <system-out/>
  <testcase classname="TestCase.StudentTrackerTest" name="setup" time="25.244"/>
  <system-out/>
  <testcase classname="TestCase.StudentTrackerTest" name="validateGreetingPopupTest" time="14.510"/>
  <system-out/>
  <testcase classname="TestCase.StudentTrackerTest" name="studentTrackerabeltest" time="0.143"/>
  <system-out/>
  <testcase classname="TestCase.StudentTrackerTest" name="selectcheckboxtest" time="10.645"/>
  <system-out/>
  <testcase classname="TestCase.StudentTrackerTest" name="emailactiontest" time="1.149"/>
  <system-out/>
</testsuite> <!-- TestCase.StudentTrackerTest -->
