<?xml version="1.0" encoding="UTF-8"?>
<!-- Generated by org.testng.reporters.JUnitReportReporter -->
<testsuite hostname="DESKTOP-SQ9BGJ7" failures="0" tests="4" name="TestCase.EmailPopupTest" time="41.599" errors="0" timestamp="2022-04-21T02:33:01 PDT" skipped="0">
  <testcase classname="TestCase.EmailPopupTest" name="setup" time="38.607"/>
  <system-out/>
  <testcase classname="TestCase.EmailPopupTest" name="emailPopupTitleCheck" time="0.216"/>
  <system-out/>
  <testcase classname="TestCase.EmailPopupTest" name="QuickkeysSelectTest" time="2.150"/>
  <system-out/>
  <testcase classname="TestCase.EmailPopupTest" name="clickonSendButtonTest" time="0.626"/>
  <system-out/>
</testsuite> <!-- TestCase.EmailPopupTest -->
