<?xml version="1.0" encoding="UTF-8"?>
<!-- Generated by org.testng.reporters.JUnitReportReporter -->
<testsuite hostname="DESKTOP-SQ9BGJ7" failures="0" tests="5" name="TestCase.StudentProfileEmailTest" time="53.879" errors="0" timestamp="2022-05-11T03:23:34 PDT" skipped="0">
  <testcase classname="TestCase.StudentProfileEmailTest" name="setup" time="44.801"/>
  <system-out/>
  <testcase classname="TestCase.StudentProfileEmailTest" name="selectTranslattingButtonTest" time="0.612"/>
  <system-out/>
  <testcase classname="TestCase.StudentProfileEmailTest" name="checkEmailPopupTitleTest" time="0.346"/>
  <system-out/>
  <testcase classname="TestCase.StudentProfileEmailTest" name="selectWeeklyProgressInEmailTest" time="3.623"/>
  <system-out/>
  <testcase classname="TestCase.StudentProfileEmailTest" name="selectDiffLanguageTest" time="4.497"/>
  <system-out/>
</testsuite> <!-- TestCase.StudentProfileEmailTest -->
